app/build/intermediates/manifest_merge_blame_file/release/manifest-merger-blame-release-report.txt
1<?xml version="1.0" encoding="utf-8"?>
2<manifest xmlns:android="http://schemas.android.com/apk/res/android"
3    package="com.brouken.player"
4    android:versionCode="13"
5    android:versionName="0.13" >
6
7    <uses-sdk
8        android:minSdkVersion="21"
8-->src\main\AndroidManifest.xml
9        android:targetSdkVersion="30" />
9-->src\main\AndroidManifest.xml
10
11    <uses-permission android:name="android.permission.READ_EXTERNAL_STORAGE" />
11-->src\main\AndroidManifest.xml:6:5-80
11-->src\main\AndroidManifest.xml:6:22-77
12    <uses-permission android:name="android.permission.WRITE_SETTINGS" />
12-->src\main\AndroidManifest.xml:7:5-9:47
12-->src\main\AndroidManifest.xml:8:9-57
13
14    <application
14-->src\main\AndroidManifest.xml:15:5-55:19
15        android:allowBackup="false"
15-->src\main\AndroidManifest.xml:16:9-36
16        android:appComponentFactory="androidx.core.app.CoreComponentFactory"
16-->[androidx.core:core:1.2.0] AndroidManifest.xml:24:18-86
17        android:icon="@mipmap/ic_launcher"
17-->src\main\AndroidManifest.xml:17:9-43
18        android:label="@string/app_name"
18-->src\main\AndroidManifest.xml:18:9-41
19        android:largeHeap="true"
19-->src\main\AndroidManifest.xml:19:9-33
20        android:networkSecurityConfig="@xml/network_security_config"
20-->src\main\AndroidManifest.xml:20:9-69
21        android:supportsRtl="true"
21-->src\main\AndroidManifest.xml:21:9-35
22        android:theme="@style/Theme.Player.Cutout" >
22-->src\main\AndroidManifest.xml:22:9-51
23        <activity
23-->src\main\AndroidManifest.xml:24:9-54:20
24            android:name="com.brouken.player.PlayerActivity"
24-->src\main\AndroidManifest.xml:25:13-43
25            android:configChanges="keyboard|keyboardHidden|orientation|screenSize|screenLayout|smallestScreenSize|uiMode"
25-->src\main\AndroidManifest.xml:26:13-122
26            android:launchMode="singleTop"
26-->src\main\AndroidManifest.xml:27:13-43
27            android:supportsPictureInPicture="true" >
27-->src\main\AndroidManifest.xml:28:13-52
28            <intent-filter>
28-->src\main\AndroidManifest.xml:30:13-33:29
29                <action android:name="android.intent.action.MAIN" />
29-->src\main\AndroidManifest.xml:31:17-69
29-->src\main\AndroidManifest.xml:31:25-66
30
31                <category android:name="android.intent.category.LAUNCHER" />
31-->src\main\AndroidManifest.xml:32:17-77
31-->src\main\AndroidManifest.xml:32:27-74
32            </intent-filter>
33            <intent-filter>
33-->src\main\AndroidManifest.xml:34:13-43:29
34                <action android:name="android.intent.action.VIEW" />
34-->src\main\AndroidManifest.xml:35:17-69
34-->src\main\AndroidManifest.xml:35:25-66
35
36                <category android:name="android.intent.category.DEFAULT" />
36-->src\main\AndroidManifest.xml:37:17-76
36-->src\main\AndroidManifest.xml:37:27-73
37                <category android:name="android.intent.category.BROWSABLE" />
37-->src\main\AndroidManifest.xml:38:17-78
37-->src\main\AndroidManifest.xml:38:27-75
38
39                <data android:scheme="content" />
39-->src\main\AndroidManifest.xml:40:17-50
39-->src\main\AndroidManifest.xml:40:23-47
40                <data android:scheme="file" />
40-->src\main\AndroidManifest.xml:40:17-50
40-->src\main\AndroidManifest.xml:40:23-47
41                <data android:mimeType="video/*" />
41-->src\main\AndroidManifest.xml:40:17-50
41-->src\main\AndroidManifest.xml:42:23-49
42            </intent-filter>
43            <intent-filter>
43-->src\main\AndroidManifest.xml:44:13-53:29
44                <action android:name="android.intent.action.VIEW" />
44-->src\main\AndroidManifest.xml:35:17-69
44-->src\main\AndroidManifest.xml:35:25-66
45
46                <category android:name="android.intent.category.DEFAULT" />
46-->src\main\AndroidManifest.xml:37:17-76
46-->src\main\AndroidManifest.xml:37:27-73
47                <category android:name="android.intent.category.BROWSABLE" />
47-->src\main\AndroidManifest.xml:38:17-78
47-->src\main\AndroidManifest.xml:38:27-75
48
49                <data android:scheme="http" />
49-->src\main\AndroidManifest.xml:40:17-50
49-->src\main\AndroidManifest.xml:40:23-47
50                <data android:host="127.0.0.1" />
50-->src\main\AndroidManifest.xml:40:17-50
50-->src\main\AndroidManifest.xml:51:23-47
51                <data android:mimeType="video/*" />
51-->src\main\AndroidManifest.xml:40:17-50
51-->src\main\AndroidManifest.xml:42:23-49
52            </intent-filter>
53        </activity>
54    </application>
55
56</manifest>